<?xml version="1.0" encoding="UTF-8"?>
<!-- Generated by org.testng.reporters.JUnitXMLReporter -->
<testsuite hostname="DESKTOP-U8A0AGU" name="Test" tests="9" failures="0" timestamp="26 Sep 2020 02:06:18 GMT" time="127.977" errors="0">
  <testcase name="feature" time="13.189" classname="bdd.TheInternet.runners.RunnerClass"/>
  <testcase name="feature" time="12.955" classname="bdd.TheInternet.runners.RunnerClass"/>
  <testcase name="feature" time="15.355" classname="bdd.TheInternet.runners.RunnerClass"/>
  <testcase name="feature" time="11.651" classname="bdd.TheInternet.runners.RunnerClass"/>
  <testcase name="feature" time="13.542" classname="bdd.TheInternet.runners.RunnerClass"/>
  <testcase name="feature" time="18.101" classname="bdd.TheInternet.runners.RunnerClass"/>
  <testcase name="feature" time="15.068" classname="bdd.TheInternet.runners.RunnerClass"/>
  <testcase name="feature" time="13.034" classname="bdd.TheInternet.runners.RunnerClass"/>
  <testcase name="feature" time="14.346" classname="bdd.TheInternet.runners.RunnerClass"/>
</testsuite> <!-- Test -->
