<?xml version="1.0" encoding="UTF-8"?>
<testng-results skipped="0" failed="0" total="1" passed="1">
  <reporter-output>
  </reporter-output>
  <suite name="Suite" duration-ms="17053" started-at="2020-09-21T21:50:52Z" finished-at="2020-09-21T21:51:09Z">
    <groups>
      <group name="cucumber">
        <method signature="AbstractTestNGCucumberTests.feature(cucumber.api.testng.CucumberFeatureWrapper)[pri:0, instance:bdd.TheInternet.runners.RunnerClass@531be3c5]" name="feature" class="cucumber.api.testng.AbstractTestNGCucumberTests"/>
      </group> <!-- cucumber -->
    </groups>
    <test name="Test" duration-ms="17053" started-at="2020-09-21T21:50:52Z" finished-at="2020-09-21T21:51:09Z">
      <class name="bdd.TheInternet.runners.RunnerClass">
        <test-method status="PASS" signature="setUpClass()[pri:0, instance:bdd.TheInternet.runners.RunnerClass@531be3c5]" name="setUpClass" is-config="true" duration-ms="237" started-at="2020-09-21T16:50:52Z" finished-at="2020-09-21T16:50:52Z">
          <reporter-output>
          </reporter-output>
        </test-method> <!-- setUpClass -->
        <test-method status="PASS" signature="feature(cucumber.api.testng.CucumberFeatureWrapper)[pri:0, instance:bdd.TheInternet.runners.RunnerClass@531be3c5]" name="feature" duration-ms="16422" started-at="2020-09-21T16:50:52Z" description="Runs Cucumber Feature" data-provider="features" finished-at="2020-09-21T16:51:08Z">
          <params>
            <param index="0">
              <value>
                <![CDATA[Confirm Click for JS prompt alert]]>
              </value>
            </param>
          </params>
          <reporter-output>
          </reporter-output>
        </test-method> <!-- feature -->
        <test-method status="PASS" signature="writeExtentReport()[pri:0, instance:bdd.TheInternet.runners.RunnerClass@531be3c5]" name="writeExtentReport" is-config="true" duration-ms="14" started-at="2020-09-21T16:51:08Z" finished-at="2020-09-21T16:51:08Z">
          <reporter-output>
          </reporter-output>
        </test-method> <!-- writeExtentReport -->
        <test-method status="PASS" signature="tearDownClass()[pri:0, instance:bdd.TheInternet.runners.RunnerClass@531be3c5]" name="tearDownClass" is-config="true" duration-ms="300" started-at="2020-09-21T16:51:08Z" finished-at="2020-09-21T16:51:09Z">
          <reporter-output>
          </reporter-output>
        </test-method> <!-- tearDownClass -->
      </class> <!-- bdd.TheInternet.runners.RunnerClass -->
    </test> <!-- Test -->
  </suite> <!-- Suite -->
</testng-results>
