<?xml version="1.0" encoding="UTF-8"?>
<testng-results skipped="0" failed="0" total="9" passed="9">
  <reporter-output>
  </reporter-output>
  <suite name="Suite" duration-ms="131893" started-at="2020-09-26T18:39:29Z" finished-at="2020-09-26T18:41:41Z">
    <groups>
      <group name="cucumber">
        <method signature="AbstractTestNGCucumberTests.feature(cucumber.api.testng.CucumberFeatureWrapper)[pri:0, instance:bdd.TheInternet.runners.RunnerClass@531be3c5]" name="feature" class="cucumber.api.testng.AbstractTestNGCucumberTests"/>
      </group> <!-- cucumber -->
    </groups>
    <test name="Test" duration-ms="131893" started-at="2020-09-26T18:39:29Z" finished-at="2020-09-26T18:41:41Z">
      <class name="bdd.TheInternet.runners.RunnerClass">
        <test-method status="PASS" signature="setUpClass()[pri:0, instance:bdd.TheInternet.runners.RunnerClass@531be3c5]" name="setUpClass" is-config="true" duration-ms="305" started-at="2020-09-26T13:39:29Z" finished-at="2020-09-26T13:39:29Z">
          <reporter-output>
          </reporter-output>
        </test-method> <!-- setUpClass -->
        <test-method status="PASS" signature="feature(cucumber.api.testng.CucumberFeatureWrapper)[pri:0, instance:bdd.TheInternet.runners.RunnerClass@531be3c5]" name="feature" duration-ms="14103" started-at="2020-09-26T13:39:30Z" description="Runs Cucumber Feature" data-provider="features" finished-at="2020-09-26T13:39:44Z">
          <params>
            <param index="0">
              <value>
                <![CDATA[Entry Ad]]>
              </value>
            </param>
          </params>
          <reporter-output>
          </reporter-output>
        </test-method> <!-- feature -->
        <test-method status="PASS" signature="feature(cucumber.api.testng.CucumberFeatureWrapper)[pri:0, instance:bdd.TheInternet.runners.RunnerClass@531be3c5]" name="feature" duration-ms="13519" started-at="2020-09-26T13:39:44Z" description="Runs Cucumber Feature" data-provider="features" finished-at="2020-09-26T13:39:57Z">
          <params>
            <param index="0">
              <value>
                <![CDATA[File Download]]>
              </value>
            </param>
          </params>
          <reporter-output>
          </reporter-output>
        </test-method> <!-- feature -->
        <test-method status="PASS" signature="feature(cucumber.api.testng.CucumberFeatureWrapper)[pri:0, instance:bdd.TheInternet.runners.RunnerClass@531be3c5]" name="feature" duration-ms="16239" started-at="2020-09-26T13:39:57Z" description="Runs Cucumber Feature" data-provider="features" finished-at="2020-09-26T13:40:13Z">
          <params>
            <param index="0">
              <value>
                <![CDATA[File Upload]]>
              </value>
            </param>
          </params>
          <reporter-output>
          </reporter-output>
        </test-method> <!-- feature -->
        <test-method status="PASS" signature="feature(cucumber.api.testng.CucumberFeatureWrapper)[pri:0, instance:bdd.TheInternet.runners.RunnerClass@531be3c5]" name="feature" duration-ms="12710" started-at="2020-09-26T13:40:13Z" description="Runs Cucumber Feature" data-provider="features" finished-at="2020-09-26T13:40:26Z">
          <params>
            <param index="0">
              <value>
                <![CDATA[Horizontal Slider]]>
              </value>
            </param>
          </params>
          <reporter-output>
          </reporter-output>
        </test-method> <!-- feature -->
        <test-method status="PASS" signature="feature(cucumber.api.testng.CucumberFeatureWrapper)[pri:0, instance:bdd.TheInternet.runners.RunnerClass@531be3c5]" name="feature" duration-ms="13086" started-at="2020-09-26T13:40:26Z" description="Runs Cucumber Feature" data-provider="features" finished-at="2020-09-26T13:40:39Z">
          <params>
            <param index="0">
              <value>
                <![CDATA[Confirm JS Alert]]>
              </value>
            </param>
          </params>
          <reporter-output>
          </reporter-output>
        </test-method> <!-- feature -->
        <test-method status="PASS" signature="feature(cucumber.api.testng.CucumberFeatureWrapper)[pri:0, instance:bdd.TheInternet.runners.RunnerClass@531be3c5]" name="feature" duration-ms="18386" started-at="2020-09-26T13:40:39Z" description="Runs Cucumber Feature" data-provider="features" finished-at="2020-09-26T13:40:58Z">
          <params>
            <param index="0">
              <value>
                <![CDATA[Confirm Click for JS confirm alert]]>
              </value>
            </param>
          </params>
          <reporter-output>
          </reporter-output>
        </test-method> <!-- feature -->
        <test-method status="PASS" signature="feature(cucumber.api.testng.CucumberFeatureWrapper)[pri:0, instance:bdd.TheInternet.runners.RunnerClass@531be3c5]" name="feature" duration-ms="15555" started-at="2020-09-26T13:40:58Z" description="Runs Cucumber Feature" data-provider="features" finished-at="2020-09-26T13:41:13Z">
          <params>
            <param index="0">
              <value>
                <![CDATA[Confirm Click for JS prompt alert]]>
              </value>
            </param>
          </params>
          <reporter-output>
          </reporter-output>
        </test-method> <!-- feature -->
        <test-method status="PASS" signature="feature(cucumber.api.testng.CucumberFeatureWrapper)[pri:0, instance:bdd.TheInternet.runners.RunnerClass@531be3c5]" name="feature" duration-ms="13538" started-at="2020-09-26T13:41:13Z" description="Runs Cucumber Feature" data-provider="features" finished-at="2020-09-26T13:41:27Z">
          <params>
            <param index="0">
              <value>
                <![CDATA[Cancel Click for JS prompt alert]]>
              </value>
            </param>
          </params>
          <reporter-output>
          </reporter-output>
        </test-method> <!-- feature -->
        <test-method status="PASS" signature="feature(cucumber.api.testng.CucumberFeatureWrapper)[pri:0, instance:bdd.TheInternet.runners.RunnerClass@531be3c5]" name="feature" duration-ms="13931" started-at="2020-09-26T13:41:27Z" description="Runs Cucumber Feature" data-provider="features" finished-at="2020-09-26T13:41:41Z">
          <params>
            <param index="0">
              <value>
                <![CDATA[Retrieve forgotten password]]>
              </value>
            </param>
          </params>
          <reporter-output>
          </reporter-output>
        </test-method> <!-- feature -->
        <test-method status="PASS" signature="writeExtentReport()[pri:0, instance:bdd.TheInternet.runners.RunnerClass@531be3c5]" name="writeExtentReport" is-config="true" duration-ms="24" started-at="2020-09-26T13:41:41Z" finished-at="2020-09-26T13:41:41Z">
          <reporter-output>
          </reporter-output>
        </test-method> <!-- writeExtentReport -->
        <test-method status="PASS" signature="tearDownClass()[pri:0, instance:bdd.TheInternet.runners.RunnerClass@531be3c5]" name="tearDownClass" is-config="true" duration-ms="377" started-at="2020-09-26T13:41:41Z" finished-at="2020-09-26T13:41:41Z">
          <reporter-output>
          </reporter-output>
        </test-method> <!-- tearDownClass -->
      </class> <!-- bdd.TheInternet.runners.RunnerClass -->
    </test> <!-- Test -->
  </suite> <!-- Suite -->
</testng-results>
